This file contains any messages produced by compilers while
running configure, to aid debugging if configure makes a mistake.

It was created by configure, which was
generated by GNU Autoconf 2.59.  Invocation command line was

  $ ./configure 

## --------- ##
## Platform. ##
## --------- ##

hostname = linux-nthx
uname -m = x86_64
uname -r = 3.0.76-0.11-default
uname -s = Linux
uname -v = #1 SMP Fri Jun 14 08:21:43 UTC 2013 (ccab990)

/usr/bin/uname -p = unknown
/bin/uname -X     = unknown

/bin/arch              = x86_64
/usr/bin/arch -k       = unknown
/usr/convex/getsysinfo = unknown
hostinfo               = unknown
/bin/machine           = unknown
/usr/bin/oslevel       = unknown
/bin/universe          = unknown

PATH: /sbin
PATH: /usr/sbin
PATH: /usr/local/sbin
PATH: /root/bin
PATH: /usr/local/bin
PATH: /usr/bin
PATH: /bin
PATH: /usr/bin/X11
PATH: /usr/X11R6/bin
PATH: /usr/games
PATH: /usr/lib/mit/bin
PATH: /usr/lib/mit/sbin


## ----------- ##
## Core tests. ##
## ----------- ##

configure:1364: checking for gcc
configure:1380: found /usr/bin/gcc
configure:1390: result: gcc
configure:1634: checking for C compiler version
configure:1637: gcc --version </dev/null >&5
gcc (SUSE Linux) 4.3.4 [gcc-4_3-branch revision 152973]
Copyright (C) 2008 Free Software Foundation, Inc.
This is free software; see the source for copying conditions.  There is NO
warranty; not even for MERCHANTABILITY or FITNESS FOR A PARTICULAR PURPOSE.

configure:1640: $? = 0
configure:1642: gcc -v </dev/null >&5
Using built-in specs.
Target: x86_64-suse-linux
Configured with: ../configure --prefix=/usr --infodir=/usr/share/info --mandir=/usr/share/man --libdir=/usr/lib64 --libexecdir=/usr/lib64 --enable-languages=c,c++,objc,fortran,obj-c++,java,ada --enable-checking=release --with-gxx-include-dir=/usr/include/c++/4.3 --enable-ssp --disable-libssp --with-bugurl=http://bugs.opensuse.org/ --with-pkgversion='SUSE Linux' --disable-libgcj --disable-libmudflap --with-slibdir=/lib64 --with-system-zlib --enable-__cxa_atexit --enable-libstdcxx-allocator=new --disable-libstdcxx-pch --enable-version-specific-runtime-libs --program-suffix=-4.3 --enable-linux-futex --without-system-libunwind --with-cpu=generic --build=x86_64-suse-linux
Thread model: posix
gcc version 4.3.4 [gcc-4_3-branch revision 152973] (SUSE Linux) 
configure:1645: $? = 0
configure:1647: gcc -V </dev/null >&5
gcc: '-V' option must have argument
configure:1650: $? = 1
configure:1673: checking for C compiler default output file name
configure:1676: gcc    conftest.c  >&5
configure:1679: $? = 0
configure:1725: result: a.out
configure:1730: checking whether the C compiler works
configure:1736: ./a.out
configure:1739: $? = 0
configure:1756: result: yes
configure:1763: checking whether we are cross compiling
configure:1765: result: no
configure:1768: checking for suffix of executables
configure:1770: gcc -o conftest    conftest.c  >&5
configure:1773: $? = 0
configure:1798: result: 
configure:1804: checking for suffix of object files
configure:1825: gcc -c   conftest.c >&5
configure:1828: $? = 0
configure:1850: result: o
configure:1854: checking whether we are using the GNU C compiler
configure:1878: gcc -c   conftest.c >&5
configure:1884: $? = 0
configure:1887: test -z 			 || test ! -s conftest.err
configure:1890: $? = 0
configure:1893: test -s conftest.o
configure:1896: $? = 0
configure:1909: result: yes
configure:1915: checking whether gcc accepts -g
configure:1936: gcc -c -g  conftest.c >&5
configure:1942: $? = 0
configure:1945: test -z 			 || test ! -s conftest.err
configure:1948: $? = 0
configure:1951: test -s conftest.o
configure:1954: $? = 0
configure:1965: result: yes
configure:1982: checking for gcc option to accept ANSI C
configure:2052: gcc  -c -g -O2  conftest.c >&5
configure:2058: $? = 0
configure:2061: test -z 			 || test ! -s conftest.err
configure:2064: $? = 0
configure:2067: test -s conftest.o
configure:2070: $? = 0
configure:2088: result: none needed
configure:2106: gcc -c -g -O2  conftest.c >&5
conftest.c:2: error: expected '=', ',', ';', 'asm' or '__attribute__' before 'me'
configure:2112: $? = 1
configure: failed program was:
| #ifndef __cplusplus
|   choke me
| #endif
configure:2247: checking how to run the C preprocessor
configure:2282: gcc -E  conftest.c
configure:2288: $? = 0
configure:2320: gcc -E  conftest.c
conftest.c:9:28: error: ac_nonexistent.h: No such file or directory
configure:2326: $? = 1
configure: failed program was:
| /* confdefs.h.  */
| 
| #define PACKAGE_NAME ""
| #define PACKAGE_TARNAME ""
| #define PACKAGE_VERSION ""
| #define PACKAGE_STRING ""
| #define PACKAGE_BUGREPORT ""
| /* end confdefs.h.  */
| #include <ac_nonexistent.h>
configure:2365: result: gcc -E
configure:2389: gcc -E  conftest.c
configure:2395: $? = 0
configure:2427: gcc -E  conftest.c
conftest.c:9:28: error: ac_nonexistent.h: No such file or directory
configure:2433: $? = 1
configure: failed program was:
| /* confdefs.h.  */
| 
| #define PACKAGE_NAME ""
| #define PACKAGE_TARNAME ""
| #define PACKAGE_VERSION ""
| #define PACKAGE_STRING ""
| #define PACKAGE_BUGREPORT ""
| /* end confdefs.h.  */
| #include <ac_nonexistent.h>
configure:2476: checking whether ln -s works
configure:2480: result: yes
configure:2491: checking for ar
configure:2507: found /usr/bin/ar
configure:2517: result: ar
configure:2569: checking for ranlib
configure:2585: found /usr/bin/ranlib
configure:2596: result: ranlib
configure:2609: checking whether make sets $(MAKE)
configure:2629: result: yes
configure:2676: checking for a BSD-compatible install
configure:2731: result: /usr/bin/install -c
configure:2743: checking for Neotonic Paths
configure:2751: result: not found
configure:2764: checking for dirent.h that defines DIR
configure:2788: gcc -c -g -O2  conftest.c >&5
configure:2794: $? = 0
configure:2797: test -z 			 || test ! -s conftest.err
configure:2800: $? = 0
configure:2803: test -s conftest.o
configure:2806: $? = 0
configure:2817: result: yes
configure:2830: checking for library containing opendir
configure:2860: gcc -o conftest -g -O2   conftest.c  >&5
configure:2866: $? = 0
configure:2869: test -z 			 || test ! -s conftest.err
configure:2872: $? = 0
configure:2875: test -s conftest
configure:2878: $? = 0
configure:2947: result: none required
configure:3082: checking for egrep
configure:3092: result: grep -E
configure:3097: checking for ANSI C header files
configure:3122: gcc -c -g -O2  conftest.c >&5
configure:3128: $? = 0
configure:3131: test -z 			 || test ! -s conftest.err
configure:3134: $? = 0
configure:3137: test -s conftest.o
configure:3140: $? = 0
configure:3229: gcc -o conftest -g -O2   conftest.c  >&5
conftest.c: In function 'main':
conftest.c:27: warning: incompatible implicit declaration of built-in function 'exit'
configure:3232: $? = 0
configure:3234: ./conftest
configure:3237: $? = 0
configure:3252: result: yes
configure:3262: checking for sys/wait.h that is POSIX.1 compatible
configure:3293: gcc -c -g -O2  conftest.c >&5
configure:3299: $? = 0
configure:3302: test -z 			 || test ! -s conftest.err
configure:3305: $? = 0
configure:3308: test -s conftest.o
configure:3311: $? = 0
configure:3322: result: yes
configure:3346: checking for sys/types.h
configure:3362: gcc -c -g -O2  conftest.c >&5
configure:3368: $? = 0
configure:3371: test -z 			 || test ! -s conftest.err
configure:3374: $? = 0
configure:3377: test -s conftest.o
configure:3380: $? = 0
configure:3391: result: yes
configure:3346: checking for sys/stat.h
configure:3362: gcc -c -g -O2  conftest.c >&5
configure:3368: $? = 0
configure:3371: test -z 			 || test ! -s conftest.err
configure:3374: $? = 0
configure:3377: test -s conftest.o
configure:3380: $? = 0
configure:3391: result: yes
configure:3346: checking for stdlib.h
configure:3362: gcc -c -g -O2  conftest.c >&5
configure:3368: $? = 0
configure:3371: test -z 			 || test ! -s conftest.err
configure:3374: $? = 0
configure:3377: test -s conftest.o
configure:3380: $? = 0
configure:3391: result: yes
configure:3346: checking for string.h
configure:3362: gcc -c -g -O2  conftest.c >&5
configure:3368: $? = 0
configure:3371: test -z 			 || test ! -s conftest.err
configure:3374: $? = 0
configure:3377: test -s conftest.o
configure:3380: $? = 0
configure:3391: result: yes
configure:3346: checking for memory.h
configure:3362: gcc -c -g -O2  conftest.c >&5
configure:3368: $? = 0
configure:3371: test -z 			 || test ! -s conftest.err
configure:3374: $? = 0
configure:3377: test -s conftest.o
configure:3380: $? = 0
configure:3391: result: yes
configure:3346: checking for strings.h
configure:3362: gcc -c -g -O2  conftest.c >&5
configure:3368: $? = 0
configure:3371: test -z 			 || test ! -s conftest.err
configure:3374: $? = 0
configure:3377: test -s conftest.o
configure:3380: $? = 0
configure:3391: result: yes
configure:3346: checking for inttypes.h
configure:3362: gcc -c -g -O2  conftest.c >&5
configure:3368: $? = 0
configure:3371: test -z 			 || test ! -s conftest.err
configure:3374: $? = 0
configure:3377: test -s conftest.o
configure:3380: $? = 0
configure:3391: result: yes
configure:3346: checking for stdint.h
configure:3362: gcc -c -g -O2  conftest.c >&5
configure:3368: $? = 0
configure:3371: test -z 			 || test ! -s conftest.err
configure:3374: $? = 0
configure:3377: test -s conftest.o
configure:3380: $? = 0
configure:3391: result: yes
configure:3346: checking for unistd.h
configure:3362: gcc -c -g -O2  conftest.c >&5
configure:3368: $? = 0
configure:3371: test -z 			 || test ! -s conftest.err
configure:3374: $? = 0
configure:3377: test -s conftest.o
configure:3380: $? = 0
configure:3391: result: yes
configure:3425: checking fcntl.h usability
configure:3437: gcc -c -g -O2  conftest.c >&5
configure:3443: $? = 0
configure:3446: test -z 			 || test ! -s conftest.err
configure:3449: $? = 0
configure:3452: test -s conftest.o
configure:3455: $? = 0
configure:3465: result: yes
configure:3469: checking fcntl.h presence
configure:3479: gcc -E  conftest.c
configure:3485: $? = 0
configure:3505: result: yes
configure:3540: checking for fcntl.h
configure:3547: result: yes
configure:3425: checking stdarg.h usability
configure:3437: gcc -c -g -O2  conftest.c >&5
configure:3443: $? = 0
configure:3446: test -z 			 || test ! -s conftest.err
configure:3449: $? = 0
configure:3452: test -s conftest.o
configure:3455: $? = 0
configure:3465: result: yes
configure:3469: checking stdarg.h presence
configure:3479: gcc -E  conftest.c
configure:3485: $? = 0
configure:3505: result: yes
configure:3540: checking for stdarg.h
configure:3547: result: yes
configure:3425: checking varargs.h usability
configure:3437: gcc -c -g -O2  conftest.c >&5
In file included from conftest.c:57:
/usr/lib64/gcc/x86_64-suse-linux/4.3/include/varargs.h:4:2: error: #error "GCC no longer implements <varargs.h>."
/usr/lib64/gcc/x86_64-suse-linux/4.3/include/varargs.h:5:2: error: #error "Revise your code to use <stdarg.h>."
configure:3443: $? = 1
configure: failed program was:
| /* confdefs.h.  */
| 
| #define PACKAGE_NAME ""
| #define PACKAGE_TARNAME ""
| #define PACKAGE_VERSION ""
| #define PACKAGE_STRING ""
| #define PACKAGE_BUGREPORT ""
| #define HAVE_DIRENT_H 1
| #define STDC_HEADERS 1
| #define HAVE_SYS_WAIT_H 1
| #define HAVE_SYS_TYPES_H 1
| #define HAVE_SYS_STAT_H 1
| #define HAVE_STDLIB_H 1
| #define HAVE_STRING_H 1
| #define HAVE_MEMORY_H 1
| #define HAVE_STRINGS_H 1
| #define HAVE_INTTYPES_H 1
| #define HAVE_STDINT_H 1
| #define HAVE_UNISTD_H 1
| #define HAVE_FCNTL_H 1
| #define HAVE_STDARG_H 1
| /* end confdefs.h.  */
| #include <stdio.h>
| #if HAVE_SYS_TYPES_H
| # include <sys/types.h>
| #endif
| #if HAVE_SYS_STAT_H
| # include <sys/stat.h>
| #endif
| #if STDC_HEADERS
| # include <stdlib.h>
| # include <stddef.h>
| #else
| # if HAVE_STDLIB_H
| #  include <stdlib.h>
| # endif
| #endif
| #if HAVE_STRING_H
| # if !STDC_HEADERS && HAVE_MEMORY_H
| #  include <memory.h>
| # endif
| # include <string.h>
| #endif
| #if HAVE_STRINGS_H
| # include <strings.h>
| #endif
| #if HAVE_INTTYPES_H
| # include <inttypes.h>
| #else
| # if HAVE_STDINT_H
| #  include <stdint.h>
| # endif
| #endif
| #if HAVE_UNISTD_H
| # include <unistd.h>
| #endif
| #include <varargs.h>
configure:3465: result: no
configure:3469: checking varargs.h presence
configure:3479: gcc -E  conftest.c
In file included from conftest.c:23:
/usr/lib64/gcc/x86_64-suse-linux/4.3/include/varargs.h:4:2: error: #error "GCC no longer implements <varargs.h>."
/usr/lib64/gcc/x86_64-suse-linux/4.3/include/varargs.h:5:2: error: #error "Revise your code to use <stdarg.h>."
configure:3485: $? = 1
configure: failed program was:
| /* confdefs.h.  */
| 
| #define PACKAGE_NAME ""
| #define PACKAGE_TARNAME ""
| #define PACKAGE_VERSION ""
| #define PACKAGE_STRING ""
| #define PACKAGE_BUGREPORT ""
| #define HAVE_DIRENT_H 1
| #define STDC_HEADERS 1
| #define HAVE_SYS_WAIT_H 1
| #define HAVE_SYS_TYPES_H 1
| #define HAVE_SYS_STAT_H 1
| #define HAVE_STDLIB_H 1
| #define HAVE_STRING_H 1
| #define HAVE_MEMORY_H 1
| #define HAVE_STRINGS_H 1
| #define HAVE_INTTYPES_H 1
| #define HAVE_STDINT_H 1
| #define HAVE_UNISTD_H 1
| #define HAVE_FCNTL_H 1
| #define HAVE_STDARG_H 1
| /* end confdefs.h.  */
| #include <varargs.h>
configure:3505: result: no
configure:3540: checking for varargs.h
configure:3547: result: no
configure:3425: checking limits.h usability
configure:3437: gcc -c -g -O2  conftest.c >&5
configure:3443: $? = 0
configure:3446: test -z 			 || test ! -s conftest.err
configure:3449: $? = 0
configure:3452: test -s conftest.o
configure:3455: $? = 0
configure:3465: result: yes
configure:3469: checking limits.h presence
configure:3479: gcc -E  conftest.c
configure:3485: $? = 0
configure:3505: result: yes
configure:3540: checking for limits.h
configure:3547: result: yes
configure:3416: checking for strings.h
configure:3421: result: yes
configure:3425: checking sys/ioctl.h usability
configure:3437: gcc -c -g -O2  conftest.c >&5
configure:3443: $? = 0
configure:3446: test -z 			 || test ! -s conftest.err
configure:3449: $? = 0
configure:3452: test -s conftest.o
configure:3455: $? = 0
configure:3465: result: yes
configure:3469: checking sys/ioctl.h presence
configure:3479: gcc -E  conftest.c
configure:3485: $? = 0
configure:3505: result: yes
configure:3540: checking for sys/ioctl.h
configure:3547: result: yes
configure:3425: checking sys/time.h usability
configure:3437: gcc -c -g -O2  conftest.c >&5
configure:3443: $? = 0
configure:3446: test -z 			 || test ! -s conftest.err
configure:3449: $? = 0
configure:3452: test -s conftest.o
configure:3455: $? = 0
configure:3465: result: yes
configure:3469: checking sys/time.h presence
configure:3479: gcc -E  conftest.c
configure:3485: $? = 0
configure:3505: result: yes
configure:3540: checking for sys/time.h
configure:3547: result: yes
configure:3416: checking for unistd.h
configure:3421: result: yes
configure:3425: checking features.h usability
configure:3437: gcc -c -g -O2  conftest.c >&5
configure:3443: $? = 0
configure:3446: test -z 			 || test ! -s conftest.err
configure:3449: $? = 0
configure:3452: test -s conftest.o
configure:3455: $? = 0
configure:3465: result: yes
configure:3469: checking features.h presence
configure:3479: gcc -E  conftest.c
configure:3485: $? = 0
configure:3505: result: yes
configure:3540: checking for features.h
configure:3547: result: yes
configure:3561: checking for an ANSI C-conforming const
configure:3628: gcc -c -g -O2  conftest.c >&5
configure:3634: $? = 0
configure:3637: test -z 			 || test ! -s conftest.err
configure:3640: $? = 0
configure:3643: test -s conftest.o
configure:3646: $? = 0
configure:3657: result: yes
configure:3667: checking for mode_t
configure:3691: gcc -c -g -O2  conftest.c >&5
configure:3697: $? = 0
configure:3700: test -z 			 || test ! -s conftest.err
configure:3703: $? = 0
configure:3706: test -s conftest.o
configure:3709: $? = 0
configure:3720: result: yes
configure:3732: checking for off_t
configure:3756: gcc -c -g -O2  conftest.c >&5
configure:3762: $? = 0
configure:3765: test -z 			 || test ! -s conftest.err
configure:3768: $? = 0
configure:3771: test -s conftest.o
configure:3774: $? = 0
configure:3785: result: yes
configure:3797: checking for pid_t
configure:3821: gcc -c -g -O2  conftest.c >&5
configure:3827: $? = 0
configure:3830: test -z 			 || test ! -s conftest.err
configure:3833: $? = 0
configure:3836: test -s conftest.o
configure:3839: $? = 0
configure:3850: result: yes
configure:3862: checking for size_t
configure:3886: gcc -c -g -O2  conftest.c >&5
configure:3892: $? = 0
configure:3895: test -z 			 || test ! -s conftest.err
configure:3898: $? = 0
configure:3901: test -s conftest.o
configure:3904: $? = 0
configure:3915: result: yes
configure:3927: checking whether time.h and sys/time.h may both be included
configure:3952: gcc -c -g -O2  conftest.c >&5
configure:3958: $? = 0
configure:3961: test -z 			 || test ! -s conftest.err
configure:3964: $? = 0
configure:3967: test -s conftest.o
configure:3970: $? = 0
configure:3981: result: yes
configure:3991: checking whether struct tm is in sys/time.h or time.h
configure:4014: gcc -c -g -O2  conftest.c >&5
configure:4020: $? = 0
configure:4023: test -z 			 || test ! -s conftest.err
configure:4026: $? = 0
configure:4029: test -s conftest.o
configure:4032: $? = 0
configure:4043: result: time.h
configure:4053: checking for struct tm.tm_zone
configure:4079: gcc -c -g -O2  conftest.c >&5
configure:4085: $? = 0
configure:4088: test -z 			 || test ! -s conftest.err
configure:4091: $? = 0
configure:4094: test -s conftest.o
configure:4097: $? = 0
configure:4156: result: yes
configure:4241: checking return type of signal handlers
configure:4272: gcc -c -g -O2  conftest.c >&5
configure:4278: $? = 0
configure:4281: test -z 			 || test ! -s conftest.err
configure:4284: $? = 0
configure:4287: test -s conftest.o
configure:4290: $? = 0
configure:4301: result: void
configure:4313: checking for strftime
configure:4370: gcc -o conftest -g -O2   conftest.c  >&5
conftest.c:57: warning: conflicting types for built-in function 'strftime'
configure:4376: $? = 0
configure:4379: test -z 			 || test ! -s conftest.err
configure:4382: $? = 0
configure:4385: test -s conftest
configure:4388: $? = 0
configure:4400: result: yes
configure:4487: checking for vprintf
configure:4544: gcc -o conftest -g -O2   conftest.c  >&5
conftest.c:58: warning: conflicting types for built-in function 'vprintf'
configure:4550: $? = 0
configure:4553: test -z 			 || test ! -s conftest.err
configure:4556: $? = 0
configure:4559: test -s conftest
configure:4562: $? = 0
configure:4574: result: yes
configure:4581: checking for _doprnt
configure:4638: gcc -o conftest -g -O2   conftest.c  >&5
/tmp/ccAcVeLo.o: In function `main':
/home/mtreport/mtreport_open/lib/clearsilver/conftest.c:74: undefined reference to `_doprnt'
/tmp/ccAcVeLo.o:(.data+0x0): undefined reference to `_doprnt'
collect2: ld returned 1 exit status
configure:4644: $? = 1
configure: failed program was:
| /* confdefs.h.  */
| 
| #define PACKAGE_NAME ""
| #define PACKAGE_TARNAME ""
| #define PACKAGE_VERSION ""
| #define PACKAGE_STRING ""
| #define PACKAGE_BUGREPORT ""
| #define HAVE_DIRENT_H 1
| #define STDC_HEADERS 1
| #define HAVE_SYS_WAIT_H 1
| #define HAVE_SYS_TYPES_H 1
| #define HAVE_SYS_STAT_H 1
| #define HAVE_STDLIB_H 1
| #define HAVE_STRING_H 1
| #define HAVE_MEMORY_H 1
| #define HAVE_STRINGS_H 1
| #define HAVE_INTTYPES_H 1
| #define HAVE_STDINT_H 1
| #define HAVE_UNISTD_H 1
| #define HAVE_FCNTL_H 1
| #define HAVE_STDARG_H 1
| #define HAVE_LIMITS_H 1
| #define HAVE_STRINGS_H 1
| #define HAVE_SYS_IOCTL_H 1
| #define HAVE_SYS_TIME_H 1
| #define HAVE_UNISTD_H 1
| #define HAVE_FEATURES_H 1
| #define TIME_WITH_SYS_TIME 1
| #define HAVE_STRUCT_TM_TM_ZONE 1
| #define HAVE_TM_ZONE 1
| #define RETSIGTYPE void
| #define HAVE_STRFTIME 1
| #define HAVE_VPRINTF 1
| /* end confdefs.h.  */
| /* Define _doprnt to an innocuous variant, in case <limits.h> declares _doprnt.
|    For example, HP-UX 11i <limits.h> declares gettimeofday.  */
| #define _doprnt innocuous__doprnt
| 
| /* System header to define __stub macros and hopefully few prototypes,
|     which can conflict with char _doprnt (); below.
|     Prefer <limits.h> to <assert.h> if __STDC__ is defined, since
|     <limits.h> exists even on freestanding compilers.  */
| 
| #ifdef __STDC__
| # include <limits.h>
| #else
| # include <assert.h>
| #endif
| 
| #undef _doprnt
| 
| /* Override any gcc2 internal prototype to avoid an error.  */
| #ifdef __cplusplus
| extern "C"
| {
| #endif
| /* We use char because int might match the return type of a gcc2
|    builtin and then its argument prototype would still apply.  */
| char _doprnt ();
| /* The GNU C library defines this for functions which it implements
|     to always fail with ENOSYS.  Some functions are actually named
|     something starting with __ and the normal name is an alias.  */
| #if defined (__stub__doprnt) || defined (__stub____doprnt)
| choke me
| #else
| char (*f) () = _doprnt;
| #endif
| #ifdef __cplusplus
| }
| #endif
| 
| int
| main ()
| {
| return f != _doprnt;
|   ;
|   return 0;
| }
configure:4668: result: no
configure:4682: checking for wait3 that fills in rusage
configure:4733: gcc -o conftest -g -O2   conftest.c  >&5
conftest.c: In function 'main':
conftest.c:57: warning: incompatible implicit declaration of built-in function '_exit'
conftest.c:66: warning: incompatible implicit declaration of built-in function 'exit'
configure:4736: $? = 0
configure:4738: ./conftest
configure:4741: $? = 0
configure:4755: result: yes
configure:4776: checking for gettimeofday
configure:4833: gcc -o conftest -g -O2   conftest.c  >&5
configure:4839: $? = 0
configure:4842: test -z 			 || test ! -s conftest.err
configure:4845: $? = 0
configure:4848: test -s conftest
configure:4851: $? = 0
configure:4863: result: yes
configure:4776: checking for mktime
configure:4833: gcc -o conftest -g -O2   conftest.c  >&5
configure:4839: $? = 0
configure:4842: test -z 			 || test ! -s conftest.err
configure:4845: $? = 0
configure:4848: test -s conftest
configure:4851: $? = 0
configure:4863: result: yes
configure:4776: checking for putenv
configure:4833: gcc -o conftest -g -O2   conftest.c  >&5
configure:4839: $? = 0
configure:4842: test -z 			 || test ! -s conftest.err
configure:4845: $? = 0
configure:4848: test -s conftest
configure:4851: $? = 0
configure:4863: result: yes
configure:4776: checking for strerror
configure:4833: gcc -o conftest -g -O2   conftest.c  >&5
configure:4839: $? = 0
configure:4842: test -z 			 || test ! -s conftest.err
configure:4845: $? = 0
configure:4848: test -s conftest
configure:4851: $? = 0
configure:4863: result: yes
configure:4776: checking for strspn
configure:4833: gcc -o conftest -g -O2   conftest.c  >&5
conftest.c:64: warning: conflicting types for built-in function 'strspn'
configure:4839: $? = 0
configure:4842: test -z 			 || test ! -s conftest.err
configure:4845: $? = 0
configure:4848: test -s conftest
configure:4851: $? = 0
configure:4863: result: yes
configure:4776: checking for strtod
configure:4833: gcc -o conftest -g -O2   conftest.c  >&5
configure:4839: $? = 0
configure:4842: test -z 			 || test ! -s conftest.err
configure:4845: $? = 0
configure:4848: test -s conftest
configure:4851: $? = 0
configure:4863: result: yes
configure:4776: checking for strtol
configure:4833: gcc -o conftest -g -O2   conftest.c  >&5
configure:4839: $? = 0
configure:4842: test -z 			 || test ! -s conftest.err
configure:4845: $? = 0
configure:4848: test -s conftest
configure:4851: $? = 0
configure:4863: result: yes
configure:4776: checking for strtoul
configure:4833: gcc -o conftest -g -O2   conftest.c  >&5
configure:4839: $? = 0
configure:4842: test -z 			 || test ! -s conftest.err
configure:4845: $? = 0
configure:4848: test -s conftest
configure:4851: $? = 0
configure:4863: result: yes
configure:4879: checking for random
configure:4936: gcc -o conftest -g -O2   conftest.c  >&5
configure:4942: $? = 0
configure:4945: test -z 			 || test ! -s conftest.err
configure:4948: $? = 0
configure:4951: test -s conftest
configure:4954: $? = 0
configure:4966: result: yes
configure:4879: checking for rand
configure:4936: gcc -o conftest -g -O2   conftest.c  >&5
configure:4942: $? = 0
configure:4945: test -z 			 || test ! -s conftest.err
configure:4948: $? = 0
configure:4951: test -s conftest
configure:4954: $? = 0
configure:4966: result: yes
configure:4879: checking for drand48
configure:4936: gcc -o conftest -g -O2   conftest.c  >&5
configure:4942: $? = 0
configure:4945: test -z 			 || test ! -s conftest.err
configure:4948: $? = 0
configure:4951: test -s conftest
configure:4954: $? = 0
configure:4966: result: yes
configure:5121: checking for lockf
configure:5178: gcc -o conftest -g -O2   conftest.c  >&5
configure:5184: $? = 0
configure:5187: test -z 			 || test ! -s conftest.err
configure:5190: $? = 0
configure:5193: test -s conftest
configure:5196: $? = 0
configure:5208: result: yes
configure:5229: checking pthread.h usability
configure:5241: gcc -c -g -O2  conftest.c >&5
configure:5247: $? = 0
configure:5250: test -z 			 || test ! -s conftest.err
configure:5253: $? = 0
configure:5256: test -s conftest.o
configure:5259: $? = 0
configure:5269: result: yes
configure:5273: checking pthread.h presence
configure:5283: gcc -E  conftest.c
configure:5289: $? = 0
configure:5309: result: yes
configure:5344: checking for pthread.h
configure:5351: result: yes
configure:5377: checking build system type
configure:5395: result: x86_64-unknown-linux-gnu
configure:5403: checking host system type
configure:5417: result: x86_64-unknown-linux-gnu
configure:5439: checking for snprintf
configure:5496: gcc -o conftest -g -O2   conftest.c  >&5
conftest.c:73: warning: conflicting types for built-in function 'snprintf'
configure:5502: $? = 0
configure:5505: test -z 			 || test ! -s conftest.err
configure:5508: $? = 0
configure:5511: test -s conftest
configure:5514: $? = 0
configure:5526: result: yes
configure:5537: checking for vsnprintf
configure:5594: gcc -o conftest -g -O2   conftest.c  >&5
conftest.c:74: warning: conflicting types for built-in function 'vsnprintf'
configure:5600: $? = 0
configure:5603: test -z 			 || test ! -s conftest.err
configure:5606: $? = 0
configure:5609: test -s conftest
configure:5612: $? = 0
configure:5624: result: yes
configure:5646: checking for localtime_r
configure:5703: gcc -o conftest -g -O2   conftest.c  >&5
configure:5709: $? = 0
configure:5712: test -z 			 || test ! -s conftest.err
configure:5715: $? = 0
configure:5718: test -s conftest
configure:5721: $? = 0
configure:5733: result: yes
configure:5740: checking whether localtime_r is declared
configure:5758: result: yes
configure:5803: checking for gmtime_r
configure:5860: gcc -o conftest -g -O2   conftest.c  >&5
configure:5866: $? = 0
configure:5869: test -z 			 || test ! -s conftest.err
configure:5872: $? = 0
configure:5875: test -s conftest
configure:5878: $? = 0
configure:5890: result: yes
configure:5897: checking whether gmtime_r is declared
configure:5915: result: yes
configure:5960: checking for strtok_r
configure:6017: gcc -o conftest -g -O2   conftest.c  >&5
configure:6023: $? = 0
configure:6026: test -z 			 || test ! -s conftest.err
configure:6029: $? = 0
configure:6032: test -s conftest
configure:6035: $? = 0
configure:6047: result: yes
configure:6054: checking whether strtok_r is declared
configure:6072: result: yes
configure:6113: checking for mkstemp
configure:6170: gcc -o conftest -g -O2   conftest.c  >&5
configure:6176: $? = 0
configure:6179: test -z 			 || test ! -s conftest.err
configure:6182: $? = 0
configure:6185: test -s conftest
configure:6188: $? = 0
configure:6200: result: yes
configure:6219: checking for regexec
configure:6276: gcc -o conftest -g -O2   conftest.c  >&5
configure:6282: $? = 0
configure:6285: test -z 			 || test ! -s conftest.err
configure:6288: $? = 0
configure:6291: test -s conftest
configure:6294: $? = 0
configure:6306: result: yes
configure:6323: checking for deflate in -lz
configure:6353: gcc -o conftest -g -O2   conftest.c -lz   >&5
configure:6359: $? = 0
configure:6362: test -z 			 || test ! -s conftest.err
configure:6365: $? = 0
configure:6368: test -s conftest
configure:6371: $? = 0
configure:6384: result: yes
configure:6443: checking for apache apxs
configure:6470: result: not found
configure:6512: checking for python includes
configure:6567: result: not found
configure:6606: checking for perl >= 5.006
configure:6628: result: found /usr/bin/perl
configure:6655: checking for ruby
configure:6674: result: found /usr/bin/ruby
configure:6701: checking for j2sdk path
configure:6734: result: not found
configure:6877: checking for csharp path
configure:6892: result: not found
configure:7271: creating ./config.status

## ---------------------- ##
## Running config.status. ##
## ---------------------- ##

This file was extended by config.status, which was
generated by GNU Autoconf 2.59.  Invocation command line was

  CONFIG_FILES    = 
  CONFIG_HEADERS  = 
  CONFIG_LINKS    = 
  CONFIG_COMMANDS = 
  $ ./config.status 

on linux-nthx

config.status:716: creating rules.mk
config.status:782: creating cs_config.h
config.status:978: cs_config.h is unchanged

## ---------------- ##
## Cache variables. ##
## ---------------- ##

ac_cv_build=x86_64-unknown-linux-gnu
ac_cv_build_alias=x86_64-unknown-linux-gnu
ac_cv_c_compiler_gnu=yes
ac_cv_c_const=yes
ac_cv_env_CC_set=
ac_cv_env_CC_value=
ac_cv_env_CFLAGS_set=
ac_cv_env_CFLAGS_value=
ac_cv_env_CPPFLAGS_set=
ac_cv_env_CPPFLAGS_value=
ac_cv_env_CPP_set=
ac_cv_env_CPP_value=
ac_cv_env_LDFLAGS_set=
ac_cv_env_LDFLAGS_value=
ac_cv_env_build_alias_set=
ac_cv_env_build_alias_value=
ac_cv_env_host_alias_set=
ac_cv_env_host_alias_value=
ac_cv_env_target_alias_set=
ac_cv_env_target_alias_value=
ac_cv_exeext=
ac_cv_func__doprnt=no
ac_cv_func_drand48=yes
ac_cv_func_gettimeofday=yes
ac_cv_func_gmtime_r=yes
ac_cv_func_localtime_r=yes
ac_cv_func_lockf=yes
ac_cv_func_mkstemp=yes
ac_cv_func_mktime=yes
ac_cv_func_putenv=yes
ac_cv_func_rand=yes
ac_cv_func_random=yes
ac_cv_func_regexec=yes
ac_cv_func_snprintf=yes
ac_cv_func_strerror=yes
ac_cv_func_strftime=yes
ac_cv_func_strspn=yes
ac_cv_func_strtod=yes
ac_cv_func_strtok_r=yes
ac_cv_func_strtol=yes
ac_cv_func_strtoul=yes
ac_cv_func_vprintf=yes
ac_cv_func_vsnprintf=yes
ac_cv_func_wait3_rusage=yes
ac_cv_header_dirent_dirent_h=yes
ac_cv_header_fcntl_h=yes
ac_cv_header_features_h=yes
ac_cv_header_inttypes_h=yes
ac_cv_header_limits_h=yes
ac_cv_header_memory_h=yes
ac_cv_header_pthread_h=yes
ac_cv_header_stdarg_h=yes
ac_cv_header_stdc=yes
ac_cv_header_stdint_h=yes
ac_cv_header_stdlib_h=yes
ac_cv_header_string_h=yes
ac_cv_header_strings_h=yes
ac_cv_header_sys_ioctl_h=yes
ac_cv_header_sys_stat_h=yes
ac_cv_header_sys_time_h=yes
ac_cv_header_sys_types_h=yes
ac_cv_header_sys_wait_h=yes
ac_cv_header_time=yes
ac_cv_header_unistd_h=yes
ac_cv_header_varargs_h=no
ac_cv_host=x86_64-unknown-linux-gnu
ac_cv_host_alias=x86_64-unknown-linux-gnu
ac_cv_lib_z_deflate=yes
ac_cv_member_struct_tm_tm_zone=yes
ac_cv_objext=o
ac_cv_path_install='/usr/bin/install -c'
ac_cv_prog_AR=ar
ac_cv_prog_CPP='gcc -E'
ac_cv_prog_ac_ct_CC=gcc
ac_cv_prog_ac_ct_RANLIB=ranlib
ac_cv_prog_cc_g=yes
ac_cv_prog_cc_stdc=
ac_cv_prog_egrep='grep -E'
ac_cv_prog_make_make_set=yes
ac_cv_search_opendir='none required'
ac_cv_struct_tm=time.h
ac_cv_type_mode_t=yes
ac_cv_type_off_t=yes
ac_cv_type_pid_t=yes
ac_cv_type_signal=void
ac_cv_type_size_t=yes
cs_cv_apache=yes
cs_cv_apache_path=
cs_cv_compression=yes
cs_cv_csharp=yes
cs_cv_csharp_path=no
cs_cv_java=yes
cs_cv_java_path=no
cs_cv_missing=no
cs_cv_need_reentrant=no
cs_cv_perl=yes
cs_cv_perl_path=no
cs_cv_pthread=yes
cs_cv_python=yes
cs_cv_python_path=no
cs_cv_regex=yes
cs_cv_ruby=yes
cs_cv_ruby_path=no
cs_cv_snprintf=no
cs_cv_wdb=no

## ----------------- ##
## Output variables. ##
## ----------------- ##

APXS_PATH=''
AR='ar'
BUILD_WRAPPERS=' perl ruby'
CC='gcc'
CFLAGS='-g -O2'
CPP='gcc -E'
CPPFLAGS=''
CSHARP_PATH=''
DEFS='-DHAVE_CONFIG_H'
ECHO_C=''
ECHO_N='-n'
ECHO_T=''
EGREP='grep -E'
EXEEXT=''
EXTRA_UTL_OBJS=''
EXTRA_UTL_SRC=' ulocks.c rcfs.c skiplist.c dict.c filter.c neo_net.c neo_server.c'
INSTALL_DATA='${INSTALL} -m 644'
INSTALL_PROGRAM='${INSTALL}'
INSTALL_SCRIPT='${INSTALL}'
JAVA_INCLUDE_PATH=''
JAVA_PATH=''
LDFLAGS=''
LIBOBJS=''
LIBS=' -lz'
LN_S='ln -s'
LTLIBOBJS=''
OBJEXT='o'
PACKAGE_BUGREPORT=''
PACKAGE_NAME=''
PACKAGE_STRING=''
PACKAGE_TARNAME=''
PACKAGE_VERSION=''
PATH_SEPARATOR=':'
PERL='/usr/bin/perl'
PYTHON=''
PYTHON_INC=''
PYTHON_LIB=''
PYTHON_SITE=''
RANLIB='ranlib'
RUBY='/usr/bin/ruby'
SET_MAKE=''
SHELL='/bin/sh'
USE_MINGW32=''
_ACJNI_JAVAC=''
ac_ct_CC='gcc'
ac_ct_RANLIB='ranlib'
bindir='${exec_prefix}/bin'
build='x86_64-unknown-linux-gnu'
build_alias=''
build_cpu='x86_64'
build_os='linux-gnu'
build_vendor='unknown'
datadir='${prefix}/share'
exec_prefix='${prefix}'
host='x86_64-unknown-linux-gnu'
host_alias=''
host_cpu='x86_64'
host_os='linux-gnu'
host_vendor='unknown'
includedir='${prefix}/include'
infodir='${prefix}/info'
libdir='${exec_prefix}/lib'
libexecdir='${exec_prefix}/libexec'
localstatedir='${prefix}/var'
mandir='${prefix}/man'
oldincludedir='/usr/include'
prefix='/usr/local'
program_transform_name='s,x,x,'
sbindir='${exec_prefix}/sbin'
sharedstatedir='${prefix}/com'
sysconfdir='${prefix}/etc'
target_alias=''

## ----------- ##
## confdefs.h. ##
## ----------- ##

#define HAVE_DIRENT_H 1
#define HAVE_DRAND48 1
#define HAVE_FCNTL_H 1
#define HAVE_FEATURES_H 1
#define HAVE_GETTIMEOFDAY 1
#define HAVE_GMTIME_R 1
#define HAVE_GMTIME_R 1
#define HAVE_INTTYPES_H 1
#define HAVE_LIMITS_H 1
#define HAVE_LOCALTIME_R 1
#define HAVE_LOCALTIME_R 1
#define HAVE_LOCKF 1
#define HAVE_MEMORY_H 1
#define HAVE_MKSTEMP 1
#define HAVE_MKTIME 1
#define HAVE_PTHREADS 1
#define HAVE_PUTENV 1
#define HAVE_RAND 1
#define HAVE_RANDOM 1
#define HAVE_REGEX 1
#define HAVE_SNPRINTF 1
#define HAVE_STDARG_H 1
#define HAVE_STDINT_H 1
#define HAVE_STDLIB_H 1
#define HAVE_STRERROR 1
#define HAVE_STRFTIME 1
#define HAVE_STRINGS_H 1
#define HAVE_STRINGS_H 1
#define HAVE_STRING_H 1
#define HAVE_STRSPN 1
#define HAVE_STRTOD 1
#define HAVE_STRTOK_R 1
#define HAVE_STRTOK_R 1
#define HAVE_STRTOL 1
#define HAVE_STRTOUL 1
#define HAVE_STRUCT_TM_TM_ZONE 1
#define HAVE_SYS_IOCTL_H 1
#define HAVE_SYS_STAT_H 1
#define HAVE_SYS_TIME_H 1
#define HAVE_SYS_TYPES_H 1
#define HAVE_SYS_WAIT_H 1
#define HAVE_TM_ZONE 1
#define HAVE_UNISTD_H 1
#define HAVE_UNISTD_H 1
#define HAVE_VPRINTF 1
#define HAVE_VSNPRINTF 1
#define HAVE_WAIT3 1
#define HTML_COMPRESSION 1
#define PACKAGE_BUGREPORT ""
#define PACKAGE_NAME ""
#define PACKAGE_STRING ""
#define PACKAGE_TARNAME ""
#define PACKAGE_VERSION ""
#define RETSIGTYPE void
#define STDC_HEADERS 1
#define TIME_WITH_SYS_TIME 1

configure: exit 0
