This file contains any messages produced by compilers while
running configure, to aid debugging if configure makes a mistake.

It was created by configure, which was
generated by GNU Autoconf 2.52.  Invocation command line was

  $ ./configure --no-create --no-recursion

## ---------- ##
## Platform.  ##
## ---------- ##

hostname = linux-vc98
uname -m = x86_64
uname -r = 4.1.31-30-default
uname -s = Linux
uname -v = #1 SMP PREEMPT Wed Aug 24 06:20:09 UTC 2016 (de9ddf8)

/usr/bin/uname -p = x86_64
/bin/uname -X     = unknown

/bin/arch              = x86_64
/usr/bin/arch -k       = unknown
/usr/convex/getsysinfo = unknown
hostinfo               = unknown
/bin/machine           = unknown
/usr/bin/oslevel       = unknown
/bin/universe          = unknown

PATH = /sbin:/usr/sbin:/usr/local/sbin:/root/bin:/usr/local/bin:/usr/bin:/bin:/usr/games:/root/bin:/data/autogen/autogen:/usr/java/default/bin

## ------------ ##
## Core tests.  ##
## ------------ ##

configure:1045: loading site script /usr/share/site/x86_64-unknown-linux-gnu
#!/bin/sh
# Site script for configure. It is resourced via $CONFIG_SITE environment varaible.

# If user did not specify libdir, guess the correct target:
# Use lib64 for 64 bit bi-arch targets, keep the default for the rest.
if test "$libdir" = '${exec_prefix}/lib' ; then

	ac_config_site_64bit_host=NONE

	case "$host" in
	"" )
		# User did not specify host target.
		# The native platform x86_64 is a bi-arch platform.
		# Try to detect cross-compilation to inferior architecture.

		# We are trying to guess 32-bit target compilation. It's not as easy as
		# it sounds, as there is possible several intermediate combinations.
		ac_config_site_cross_to_32bit_host=NONE

		# User defined -m32 in CFLAGS or CXXFLAGS or CC or CXX:
		# (It's sufficient for 32-bit, but alone may cause mis-behavior of some checks.)
		case "$CFLAGS $CXXFLAGS $CC $CXX" in
		*-m32*)
			ac_config_site_cross_to_32bit_host=YES
			;;
		esac

		# Running with linux32:
		# (Changes detected platform, but not the toolchain target.)
		case "`/bin/uname -i`" in
		x86_64 | ppc64 | s390x )
			;;
		* )
			ac_config_site_cross_to_32bit_host=YES
			;;
		esac

		if test "x$ac_config_site_cross_to_32bit_host" = xNONE; then
			ac_config_site_64bit_host=YES
		fi

		;;
	*x86_64* | *ppc64* | *s390x* )
		ac_config_site_64bit_host=YES
		;;
	esac

	if test "x$ac_config_site_64bit_host" = xYES; then
		libdir='${exec_prefix}/lib64'
	fi
fi

# If user did not specify libexecdir, set the correct target:
# Nor FHS nor openSUSE allow prefix/libexec. Let's default to prefix/lib.

if test "$libexecdir" = '${exec_prefix}/libexec' ; then
	libexecdir='${exec_prefix}/lib'
fi

# Continue with the standard behavior of configure defined in AC_SITE_LOAD:
if test "x$prefix" != xNONE; then
	ac_site_file1=$prefix/share/config.site
	ac_site_file2=$prefix/etc/config.site
else
	ac_site_file1=$ac_default_prefix/share/config.site
	ac_site_file2=$ac_default_prefix/etc/config.site
fi
for ac_site_file in "$ac_site_file1" "$ac_site_file2"
do
	test "x$ac_site_file" = xNONE && continue
	if test /dev/null != "$ac_site_file" && test -r "$ac_site_file"; then
		{ $as_echo "/usr/share/site/x86_64-unknown-linux-gnu:${as_lineno-$LINENO}: loading site script $ac_site_file" >&5
$as_echo "/usr/share/site/x86_64-unknown-linux-gnu: loading site script $ac_site_file" >&6;}
		sed 's/^/| /' "$ac_site_file" >&5
		. "$ac_site_file" \
			|| { { $as_echo "/usr/share/site/x86_64-unknown-linux-gnu:${as_lineno-$LINENO}: error: in \`$ac_pwd':" >&5
$as_echo "/usr/share/site/x86_64-unknown-linux-gnu: error: in \`$ac_pwd':" >&2;}
as_fn_error $? "failed to load site script $ac_site_file
See \`config.log' for more details" "$LINENO" 5; }
	fi
done
configure:1135: PATH=".;."; conftest.sh
./configure: line 1136: conftest.sh: command not found
configure:1138: $? = 127
configure:1184: checking for a BSD compatible install
configure:1233: result: /usr/bin/install -c
configure:1244: checking whether build environment is sane
configure:1287: result: yes
configure:1320: checking for mawk
configure:1346: result: no
configure:1320: checking for gawk
configure:1335: found /usr/bin/gawk
configure:1343: result: gawk
configure:1353: checking whether make sets ${MAKE}
configure:1373: result: yes
configure:1507: checking for gcc
configure:1522: found /usr/bin/gcc
configure:1530: result: gcc
configure:1758: checking for C compiler version
configure:1761: gcc --version </dev/null >&5
gcc (SUSE Linux) 4.8.5
Copyright (C) 2015 Free Software Foundation, Inc.
This is free software; see the source for copying conditions.  There is NO
warranty; not even for MERCHANTABILITY or FITNESS FOR A PARTICULAR PURPOSE.

configure:1764: $? = 0
configure:1766: gcc -v </dev/null >&5
Using built-in specs.
COLLECT_GCC=gcc
COLLECT_LTO_WRAPPER=/usr/lib64/gcc/x86_64-suse-linux/4.8/lto-wrapper
Target: x86_64-suse-linux
Configured with: ../configure --prefix=/usr --infodir=/usr/share/info --mandir=/usr/share/man --libdir=/usr/lib64 --libexecdir=/usr/lib64 --enable-languages=c,c++,objc,fortran,obj-c++,java,ada --enable-checking=release --with-gxx-include-dir=/usr/include/c++/4.8 --enable-ssp --disable-libssp --disable-plugin --with-bugurl=http://bugs.opensuse.org/ --with-pkgversion='SUSE Linux' --disable-libgcj --disable-libmudflap --with-slibdir=/lib64 --with-system-zlib --enable-__cxa_atexit --enable-libstdcxx-allocator=new --disable-libstdcxx-pch --enable-version-specific-runtime-libs --enable-linker-build-id --enable-linux-futex --program-suffix=-4.8 --without-system-libunwind --with-arch-32=i586 --with-tune=generic --build=x86_64-suse-linux --host=x86_64-suse-linux
Thread model: posix
gcc version 4.8.5 (SUSE Linux) 
configure:1769: $? = 0
configure:1771: gcc -V </dev/null >&5
gcc: error: unrecognized command line option '-V'
gcc: fatal error: no input files
compilation terminated.
configure:1774: $? = 1
configure:1794: checking for C compiler default output
configure:1797: gcc    conftest.c  >&5
configure:1800: $? = 0
configure:1829: result: a.out
configure:1834: checking whether the C compiler works
configure:1840: ./a.out
configure:1843: $? = 0
configure:1858: result: yes
configure:1865: checking whether we are cross compiling
configure:1867: result: no
configure:1870: checking for executable suffix
configure:1872: gcc -o conftest    conftest.c  >&5
configure:1875: $? = 0
configure:1897: result: 
configure:1903: checking for object suffix
configure:1921: gcc -c   conftest.c >&5
configure:1924: $? = 0
configure:1943: result: o
configure:1947: checking whether we are using the GNU C compiler
configure:1968: gcc -c   conftest.c >&5
configure:1971: $? = 0
configure:1974: test -s conftest.o
configure:1977: $? = 0
configure:1989: result: yes
configure:1995: checking whether gcc accepts -g
configure:2013: gcc -c -g  conftest.c >&5
configure:2016: $? = 0
configure:2019: test -s conftest.o
configure:2022: $? = 0
configure:2032: result: yes
configure:2059: gcc -c -g -O2  conftest.c >&5
conftest.c:2:3: error: unknown type name 'choke'
   choke me
   ^
conftest.c:2:3: error: expected '=', ',', ';', 'asm' or '__attribute__' at end of input
configure:2062: $? = 1
configure: failed program was:
#ifndef __cplusplus
  choke me
#endif
configure:2168: checking for style of include used by make
configure:2195: result: GNU
configure:2201: checking dependency style of gcc
configure:2263: result: gcc3
configure:2272: checking how to run the C preprocessor
configure:2298: gcc -E  conftest.c
configure:2304: $? = 0
configure:2331: gcc -E  conftest.c
configure:2328:28: fatal error: ac_nonexistent.h: No such file or directory
 #include "confdefs.h"
                            ^
compilation terminated.
configure:2337: $? = 1
configure: failed program was:
#line 2327 "configure"
#include "confdefs.h"
#include <ac_nonexistent.h>
configure:2374: result: gcc -E
configure:2389: gcc -E  conftest.c
configure:2395: $? = 0
configure:2422: gcc -E  conftest.c
configure:2419:28: fatal error: ac_nonexistent.h: No such file or directory
 #include "confdefs.h"
                            ^
compilation terminated.
configure:2428: $? = 1
configure: failed program was:
#line 2418 "configure"
#include "confdefs.h"
#include <ac_nonexistent.h>
configure:2479: checking for a BSD compatible install
configure:2528: result: /usr/bin/install -c
configure:2611: checking build system type
configure:2629: result: x86_64-unknown-linux-gnu
configure:2636: checking host system type
configure:2650: result: x86_64-unknown-linux-gnu
configure:2678: checking for ld used by GCC
configure:2741: result: /usr/x86_64-suse-linux/bin/ld
configure:2750: checking if the linker (/usr/x86_64-suse-linux/bin/ld) is GNU ld
GNU ld (GNU Binutils; openSUSE Leap 42.1) 2.25.0
configure:2762: result: yes
configure:2766: checking for /usr/x86_64-suse-linux/bin/ld option to reload object files
configure:2773: result: -r
configure:2778: checking for BSD-compatible nm
configure:2814: result: /usr/bin/nm -B
configure:2817: checking whether ln -s works
configure:2821: result: yes
configure:2828: checking how to recognise dependant libraries
configure:3006: result: file_magic ELF [0-9][0-9]*-bit [LM]SB (shared object|dynamic lib )
configure:3012: checking command to parse /usr/bin/nm -B output
configure:3093: gcc -c -g -O2  conftest.c >&5
configure:3096: $? = 0
configure:3100: /usr/bin/nm -B conftest.o \| sed -n -e 's/^.*[ 	]\([ABCDGISTW][ABCDGISTW]*\)[ 	][ 	]*\(\)\([_A-Za-z][_A-Za-z0-9]*\)$/\1 \2\3 \3/p' \> conftest.nm
configure:3103: $? = 0
configure:3155: gcc -o conftest -g -O2   conftest.c conftstm.o >&5
configure:3158: $? = 0
configure:3202: result: ok
configure:3209: checking for dlfcn.h
configure:3219: gcc -E  conftest.c
configure:3225: $? = 0
configure:3244: result: yes
configure:3258: checking for file
configure:3313: result: /usr/bin/file
configure:3431: checking for ranlib
configure:3446: found /usr/bin/ranlib
configure:3455: result: ranlib
configure:3505: checking for strip
configure:3520: found /usr/bin/strip
configure:3529: result: strip
configure:3731: checking for objdir
configure:3742: result: .libs
configure:3757: checking for gcc option to produce PIC
configure:3907: result: -fPIC
configure:3911: checking if gcc PIC flag -fPIC works
configure:3931: gcc -c -g -O2 -fPIC -DPIC  conftest.c >&5
configure:3934: $? = 0
configure:3937: test -s conftest.o
configure:3940: $? = 0
configure:3976: result: yes
configure:3992: checking if gcc static flag -static works
configure:4013: gcc -o conftest -g -O2   -static conftest.c  >&5
/usr/lib64/gcc/x86_64-suse-linux/4.8/../../../../x86_64-suse-linux/bin/ld: cannot find -lc
collect2: error: ld returned 1 exit status
configure:4016: $? = 1
configure: failed program was:
#line 4001 "configure"
#include "confdefs.h"

int
main ()
{

  ;
  return 0;
}
configure:4036: result: no
configure:4047: checking if gcc supports -c -o file.o
configure:4067: gcc -c -g -O2 -o out/conftest2.o  conftest.c >&5
configure:4091: result: yes
configure:4096: checking if gcc supports -c -o file.lo
configure:4120: gcc -c -g -O2 -c -o conftest.lo  conftest.c >&5
configure:4123: $? = 0
configure:4126: test -s conftest.lo
configure:4129: $? = 0
configure:4150: result: yes
configure:4181: checking if gcc supports -fno-rtti -fno-exceptions
configure:4200: gcc -c -g -O2 -fno-rtti -fno-exceptions -c conftest.c  conftest.c >&5
cc1: warning: command line option '-fno-rtti' is valid for C++/ObjC++ but not for C [enabled by default]
cc1: warning: command line option '-fno-rtti' is valid for C++/ObjC++ but not for C [enabled by default]
configure:4203: $? = 0
configure:4206: test -s conftest.o
configure:4209: $? = 0
configure:4225: result: yes
configure:4236: checking whether the linker (/usr/x86_64-suse-linux/bin/ld) supports shared libraries
configure:4916: result: yes
configure:4921: checking how to hardcode library paths into programs
configure:4945: result: immediate
configure:4950: checking whether stripping libraries is possible
configure:4955: result: yes
configure:4966: checking dynamic linker characteristics
configure:5359: result: GNU/Linux ld.so
configure:5364: checking if libtool supports shared libraries
configure:5366: result: yes
configure:5369: checking whether to build shared libraries
configure:5390: result: yes
configure:5393: checking whether to build static libraries
configure:5397: result: yes
configure:6015: checking whether -lc should be explicitly linked in
configure:6023: gcc -c -g -O2  conftest.c >&5
configure:6026: $? = 0
configure:6040: gcc -shared conftest.o  -v -Wl,-soname -Wl,conftest -o conftest 2\>\&1 \| grep  -lc  \>/dev/null 2\>\&1
configure:6043: $? = 0
configure:6056: result: no
configure:6670: checking for g++
configure:6685: found /usr/bin/g++
configure:6693: result: g++
configure:6708: checking for C++ compiler version
configure:6711: g++ --version </dev/null >&5
g++ (SUSE Linux) 4.8.5
Copyright (C) 2015 Free Software Foundation, Inc.
This is free software; see the source for copying conditions.  There is NO
warranty; not even for MERCHANTABILITY or FITNESS FOR A PARTICULAR PURPOSE.

configure:6714: $? = 0
configure:6716: g++ -v </dev/null >&5
Using built-in specs.
COLLECT_GCC=g++
COLLECT_LTO_WRAPPER=/usr/lib64/gcc/x86_64-suse-linux/4.8/lto-wrapper
Target: x86_64-suse-linux
Configured with: ../configure --prefix=/usr --infodir=/usr/share/info --mandir=/usr/share/man --libdir=/usr/lib64 --libexecdir=/usr/lib64 --enable-languages=c,c++,objc,fortran,obj-c++,java,ada --enable-checking=release --with-gxx-include-dir=/usr/include/c++/4.8 --enable-ssp --disable-libssp --disable-plugin --with-bugurl=http://bugs.opensuse.org/ --with-pkgversion='SUSE Linux' --disable-libgcj --disable-libmudflap --with-slibdir=/lib64 --with-system-zlib --enable-__cxa_atexit --enable-libstdcxx-allocator=new --disable-libstdcxx-pch --enable-version-specific-runtime-libs --enable-linker-build-id --enable-linux-futex --program-suffix=-4.8 --without-system-libunwind --with-arch-32=i586 --with-tune=generic --build=x86_64-suse-linux --host=x86_64-suse-linux
Thread model: posix
gcc version 4.8.5 (SUSE Linux) 
configure:6719: $? = 0
configure:6721: g++ -V </dev/null >&5
g++: error: unrecognized command line option '-V'
g++: fatal error: no input files
compilation terminated.
configure:6724: $? = 1
configure:6727: checking whether we are using the GNU C++ compiler
configure:6748: g++ -c   conftest.cc >&5
configure:6751: $? = 0
configure:6754: test -s conftest.o
configure:6757: $? = 0
configure:6769: result: yes
configure:6775: checking whether g++ accepts -g
configure:6793: g++ -c -g  conftest.cc >&5
configure:6796: $? = 0
configure:6799: test -s conftest.o
configure:6802: $? = 0
configure:6812: result: yes
configure:6852: g++ -c -g -O2  conftest.cc >&5
configure:6855: $? = 0
configure:6858: test -s conftest.o
configure:6861: $? = 0
configure:6883: g++ -c -g -O2  conftest.cc >&5
configure: In function 'int main()':
configure:6876:9: error: 'exit' was not declared in this scope
 {
         ^
configure:6886: $? = 1
configure: failed program was:
#line 6871 "configure"
#include "confdefs.h"

int
main ()
{
exit (42);
  ;
  return 0;
}
configure:6852: g++ -c -g -O2  conftest.cc >&5
configure:6855: $? = 0
configure:6858: test -s conftest.o
configure:6861: $? = 0
configure:6883: g++ -c -g -O2  conftest.cc >&5
configure:6886: $? = 0
configure:6889: test -s conftest.o
configure:6892: $? = 0
configure:6916: checking dependency style of g++
configure:6978: result: gcc3
configure:6988: checking whether g++ works
configure:7004: g++ -c -g -O2  conftest.cc >&5
configure:7007: $? = 0
configure:7010: test -s conftest.o
configure:7013: $? = 0
configure:7015: result: yes
configure:7019: checking whether cin has a streambuf assignment operator
configure:7034: g++ -c -g -O2  conftest.cc >&5
configure: In function 'int main()':
configure:7027:1: error: 'cin' was not declared in this scope
 {
 ^
configure:7027:1: note: suggested alternative:
In file included from configure:7023:0:
/usr/include/c++/4.8/iostream:60:18: note:   'std::cin'
   extern istream cin;  /// Linked to standard input
                  ^
configure:7027:19: error: expected type-specifier before 'streambuf'
 {
                   ^
configure:7027:19: error: expected '>' before 'streambuf'
configure:7027:19: error: expected '(' before 'streambuf'
configure:7027:19: error: 'streambuf' was not declared in this scope
configure:7027:19: note: suggested alternative:
In file included from /usr/include/c++/4.8/ios:38:0,
                 from /usr/include/c++/4.8/ostream:38,
                 from /usr/include/c++/4.8/iostream:39,
                 from configure:7023:
/usr/include/c++/4.8/iosfwd:130:34: note:   'std::streambuf'
   typedef basic_streambuf<char>  streambuf;
                                  ^
configure:7027:30: error: expected primary-expression before '>' token
 {
                              ^
configure:7027:34: error: expected ')' before ';' token
 {
                                  ^
configure:7037: $? = 1
configure: failed program was:
#line 7022 "configure"
#include "confdefs.h"
#include <iostream>
int
main ()
{
cin = static_cast<streambuf *>(0);
  ;
  return 0;
}
configure:7055: result: no
configure:7059: checking whether char_type is defined in the context of streambuf
configure:7074: g++ -c -g -O2  conftest.cc >&5
configure:7077: $? = 0
configure:7080: test -s conftest.o
configure:7083: $? = 0
configure:7085: result: yes
configure:7113: checking for gethostbyname in -lnsl
configure:7140: gcc -o conftest -g -O2   conftest.c -lnsl   >&5
configure:7143: $? = 0
configure:7146: test -s conftest
configure:7149: $? = 0
configure:7160: result: yes
configure:7171: checking for socket in -lsocket
configure:7198: gcc -o conftest -g -O2   conftest.c -lsocket  -lnsl  >&5
/usr/lib64/gcc/x86_64-suse-linux/4.8/../../../../x86_64-suse-linux/bin/ld: cannot find -lsocket
collect2: error: ld returned 1 exit status
configure:7201: $? = 1
configure: failed program was:
#line 7179 "configure"
#include "confdefs.h"

/* Override any gcc2 internal prototype to avoid an error.  */
#ifdef __cplusplus
extern "C"
#endif
/* We use char because int might match the return type of a gcc2
   builtin and then its argument prototype would still apply.  */
char socket ();
int
main ()
{
socket ();
  ;
  return 0;
}
configure:7218: result: no
configure:7233: checking for pthread.h
configure:7243: gcc -E  conftest.c
configure:7249: $? = 0
configure:7268: result: yes
configure:7393: checking for the pthreads library -lpthreads
configure:7428: gcc -o conftest -g -O2    conftest.c -lpthreads -lnsl  >&5
/usr/lib64/gcc/x86_64-suse-linux/4.8/../../../../x86_64-suse-linux/bin/ld: cannot find -lpthreads
collect2: error: ld returned 1 exit status
configure:7431: $? = 1
configure: failed program was:
#line 7414 "configure"
#include "confdefs.h"
#include <pthread.h>
int
main ()
{
pthread_t th; pthread_join(th, 0);
                     pthread_attr_init(0); pthread_cleanup_push(0, 0);
                     pthread_create(0,0,0,0); pthread_cleanup_pop(0);
  ;
  return 0;
}
configure:7449: result: no
configure:7382: checking whether pthreads work without any flags
configure:7428: gcc -o conftest -g -O2    conftest.c  -lnsl  >&5
/tmp/ccHCVR8S.o: In function `main':
/home/mysvn/my_monitor/mtreport_proj/3rd/fcgi-2.4.0/configure:7419: undefined reference to `pthread_join'
/home/mysvn/my_monitor/mtreport_proj/3rd/fcgi-2.4.0/configure:7420: undefined reference to `__pthread_register_cancel'
/home/mysvn/my_monitor/mtreport_proj/3rd/fcgi-2.4.0/configure:7421: undefined reference to `pthread_create'
/home/mysvn/my_monitor/mtreport_proj/3rd/fcgi-2.4.0/configure:7421: undefined reference to `__pthread_unregister_cancel'
collect2: error: ld returned 1 exit status
configure:7431: $? = 1
configure: failed program was:
#line 7414 "configure"
#include "confdefs.h"
#include <pthread.h>
int
main ()
{
pthread_t th; pthread_join(th, 0);
                     pthread_attr_init(0); pthread_cleanup_push(0, 0);
                     pthread_create(0,0,0,0); pthread_cleanup_pop(0);
  ;
  return 0;
}
configure:7449: result: no
configure:7387: checking whether pthreads work with -Kthread
configure:7428: gcc -o conftest -g -O2 -Kthread   conftest.c  -lnsl  >&5
gcc: error: unrecognized command line option '-Kthread'
configure:7431: $? = 1
configure: failed program was:
#line 7414 "configure"
#include "confdefs.h"
#include <pthread.h>
int
main ()
{
pthread_t th; pthread_join(th, 0);
                     pthread_attr_init(0); pthread_cleanup_push(0, 0);
                     pthread_create(0,0,0,0); pthread_cleanup_pop(0);
  ;
  return 0;
}
configure:7449: result: no
configure:7387: checking whether pthreads work with -kthread
configure:7428: gcc -o conftest -g -O2 -kthread   conftest.c  -lnsl  >&5
gcc: error: unrecognized command line option '-kthread'
configure:7431: $? = 1
configure: failed program was:
#line 7414 "configure"
#include "confdefs.h"
#include <pthread.h>
int
main ()
{
pthread_t th; pthread_join(th, 0);
                     pthread_attr_init(0); pthread_cleanup_push(0, 0);
                     pthread_create(0,0,0,0); pthread_cleanup_pop(0);
  ;
  return 0;
}
configure:7449: result: no
configure:7393: checking for the pthreads library -llthread
configure:7428: gcc -o conftest -g -O2    conftest.c -llthread -lnsl  >&5
/usr/lib64/gcc/x86_64-suse-linux/4.8/../../../../x86_64-suse-linux/bin/ld: cannot find -llthread
collect2: error: ld returned 1 exit status
configure:7431: $? = 1
configure: failed program was:
#line 7414 "configure"
#include "confdefs.h"
#include <pthread.h>
int
main ()
{
pthread_t th; pthread_join(th, 0);
                     pthread_attr_init(0); pthread_cleanup_push(0, 0);
                     pthread_create(0,0,0,0); pthread_cleanup_pop(0);
  ;
  return 0;
}
configure:7449: result: no
configure:7387: checking whether pthreads work with -pthread
configure:7428: gcc -o conftest -g -O2 -pthread   conftest.c  -lnsl  >&5
configure:7431: $? = 0
configure:7434: test -s conftest
configure:7437: $? = 0
configure:7449: result: yes
configure:7469: checking for joinable pthread attribute
configure:7484: gcc -o conftest -g -O2 -pthread   conftest.c  -lnsl  >&5
configure:7487: $? = 0
configure:7490: test -s conftest
configure:7493: $? = 0
configure:7542: result: PTHREAD_CREATE_JOINABLE
configure:7549: checking if more special flags are required for pthreads
configure:7556: result: no
configure:7568: checking for cc_r
configure:7592: result: gcc
configure:7612: checking for ANSI C header files
configure:7626: gcc -E  conftest.c
configure:7632: $? = 0
configure:7719: gcc -o conftest -g -O2   conftest.c -lnsl  >&5
configure: In function 'main':
configure:7711:7: warning: incompatible implicit declaration of built-in function 'exit' [enabled by default]
   for (i = 0; i < 256; i++)
       ^
configure:7722: $? = 0
configure:7724: ./conftest
configure:7727: $? = 0
configure:7740: result: yes
configure:7756: checking for sys/types.h
configure:7768: gcc -c -g -O2  conftest.c >&5
configure:7771: $? = 0
configure:7774: test -s conftest.o
configure:7777: $? = 0
configure:7787: result: yes
configure:7756: checking for sys/stat.h
configure:7768: gcc -c -g -O2  conftest.c >&5
configure:7771: $? = 0
configure:7774: test -s conftest.o
configure:7777: $? = 0
configure:7787: result: yes
configure:7756: checking for stdlib.h
configure:7768: gcc -c -g -O2  conftest.c >&5
configure:7771: $? = 0
configure:7774: test -s conftest.o
configure:7777: $? = 0
configure:7787: result: yes
configure:7756: checking for string.h
configure:7768: gcc -c -g -O2  conftest.c >&5
configure:7771: $? = 0
configure:7774: test -s conftest.o
configure:7777: $? = 0
configure:7787: result: yes
configure:7756: checking for memory.h
configure:7768: gcc -c -g -O2  conftest.c >&5
configure:7771: $? = 0
configure:7774: test -s conftest.o
configure:7777: $? = 0
configure:7787: result: yes
configure:7756: checking for strings.h
configure:7768: gcc -c -g -O2  conftest.c >&5
configure:7771: $? = 0
configure:7774: test -s conftest.o
configure:7777: $? = 0
configure:7787: result: yes
configure:7756: checking for inttypes.h
configure:7768: gcc -c -g -O2  conftest.c >&5
configure:7771: $? = 0
configure:7774: test -s conftest.o
configure:7777: $? = 0
configure:7787: result: yes
configure:7756: checking for stdint.h
configure:7768: gcc -c -g -O2  conftest.c >&5
configure:7771: $? = 0
configure:7774: test -s conftest.o
configure:7777: $? = 0
configure:7787: result: yes
configure:7756: checking for unistd.h
configure:7768: gcc -c -g -O2  conftest.c >&5
configure:7771: $? = 0
configure:7774: test -s conftest.o
configure:7777: $? = 0
configure:7787: result: yes
configure:7797: checking for gcc option to accept ANSI C
configure:7854: gcc  -c -g -O2  conftest.c >&5
configure:7857: $? = 0
configure:7860: test -s conftest.o
configure:7863: $? = 0
configure:7880: result: none needed
configure:7888: checking for ssize_t
configure:7909: gcc -c -g -O2  conftest.c >&5
configure:7912: $? = 0
configure:7915: test -s conftest.o
configure:7918: $? = 0
configure:7928: result: yes
configure:7940: checking for sun_len in sys/un.h
configure:7958: result: no
configure:7963: checking for fpos_t in stdio.h
configure:7973: result: yes
configure:7989: checking for sys/socket.h
configure:7999: gcc -E  conftest.c
configure:8005: $? = 0
configure:8024: result: yes
configure:7989: checking for netdb.h
configure:7999: gcc -E  conftest.c
configure:8005: $? = 0
configure:8024: result: yes
configure:7989: checking for netinet/in.h
configure:7999: gcc -E  conftest.c
configure:8005: $? = 0
configure:8024: result: yes
configure:7989: checking for arpa/inet.h
configure:7999: gcc -E  conftest.c
configure:8005: $? = 0
configure:8024: result: yes
configure:8037: checking for sys/time.h
configure:8047: gcc -E  conftest.c
configure:8053: $? = 0
configure:8072: result: yes
configure:8037: checking for limits.h
configure:8047: gcc -E  conftest.c
configure:8053: $? = 0
configure:8072: result: yes
configure:8037: checking for sys/param.h
configure:8047: gcc -E  conftest.c
configure:8053: $? = 0
configure:8072: result: yes
configure:8037: checking for unistd.h
configure:8072: result: yes
configure:8082: checking for a fileno() prototype in stdio.h
configure:8092: result: yes
configure:8134: checking whether cross-process locking is required by accept()
configure:8147: result: no
configure:8156: checking whether va_arg(arg, long double) crashes the compiler
configure:8171: gcc -c -g -O2  conftest.c >&5
configure:8174: $? = 0
configure:8177: test -s conftest.o
configure:8180: $? = 0
configure:8182: result: no
configure:8197: checking for an ANSI C-conforming const
configure:8261: gcc -c -g -O2  conftest.c >&5
configure:8264: $? = 0
configure:8267: test -s conftest.o
configure:8270: $? = 0
configure:8280: result: yes
configure:8293: checking for strerror
configure:8330: gcc -o conftest -g -O2   conftest.c -lnsl  >&5
configure:8333: $? = 0
configure:8336: test -s conftest
configure:8339: $? = 0
configure:8349: result: yes
configure:8361: checking for inline
configure:8378: gcc -c -g -O2  conftest.c >&5
configure:8381: $? = 0
configure:8384: test -s conftest.o
configure:8387: $? = 0
configure:8398: result: inline
configure:8427: checking for C compiler warning flags
configure:8499: result: -Wall
configure:8583: creating ./config.status

## ----------------- ##
## Cache variables.  ##
## ----------------- ##

ac_cv_build=x86_64-unknown-linux-gnu
ac_cv_build_alias=x86_64-unknown-linux-gnu
ac_cv_c_compiler_gnu=yes
ac_cv_c_const=yes
ac_cv_c_inline=inline
ac_cv_cxx_compiler_gnu=yes
ac_cv_env_CC_set=
ac_cv_env_CC_value=
ac_cv_env_CFLAGS_set=
ac_cv_env_CFLAGS_value=
ac_cv_env_CPPFLAGS_set=
ac_cv_env_CPPFLAGS_value=
ac_cv_env_CPP_set=
ac_cv_env_CPP_value=
ac_cv_env_CXXFLAGS_set=
ac_cv_env_CXXFLAGS_value=
ac_cv_env_CXX_set=
ac_cv_env_CXX_value=
ac_cv_env_LDFLAGS_set=
ac_cv_env_LDFLAGS_value=
ac_cv_env_build_alias_set=
ac_cv_env_build_alias_value=
ac_cv_env_host_alias_set=
ac_cv_env_host_alias_value=
ac_cv_env_target_alias_set=
ac_cv_env_target_alias_value=
ac_cv_func_strerror=yes
ac_cv_header_arpa_inet_h=yes
ac_cv_header_dlfcn_h=yes
ac_cv_header_inttypes_h=yes
ac_cv_header_limits_h=yes
ac_cv_header_memory_h=yes
ac_cv_header_netdb_h=yes
ac_cv_header_netinet_in_h=yes
ac_cv_header_pthread_h=yes
ac_cv_header_stdc=yes
ac_cv_header_stdint_h=yes
ac_cv_header_stdlib_h=yes
ac_cv_header_string_h=yes
ac_cv_header_strings_h=yes
ac_cv_header_sys_param_h=yes
ac_cv_header_sys_socket_h=yes
ac_cv_header_sys_stat_h=yes
ac_cv_header_sys_time_h=yes
ac_cv_header_sys_types_h=yes
ac_cv_header_unistd_h=yes
ac_cv_host=x86_64-unknown-linux-gnu
ac_cv_host_alias=x86_64-unknown-linux-gnu
ac_cv_lib_nsl_gethostbyname=yes
ac_cv_lib_socket_socket=no
ac_cv_objext=o
ac_cv_path_install='/usr/bin/install -c'
ac_cv_prog_AWK=gawk
ac_cv_prog_CPP='gcc -E'
ac_cv_prog_PTHREAD_CC=gcc
ac_cv_prog_ac_ct_CC=gcc
ac_cv_prog_ac_ct_CXX=g++
ac_cv_prog_ac_ct_RANLIB=ranlib
ac_cv_prog_ac_ct_STRIP=strip
ac_cv_prog_cc_g=yes
ac_cv_prog_cc_stdc=
ac_cv_prog_cc_warnings=-Wall
ac_cv_prog_cxx_g=yes
ac_cv_prog_make_make_set=yes
ac_cv_type_ssize_t=yes
am_cv_CC_dependencies_compiler_type=gcc3
am_cv_CXX_dependencies_compiler_type=gcc3
lt_cv_archive_cmds_need_lc=no
lt_cv_compiler_c_o=yes
lt_cv_compiler_o_lo=yes
lt_cv_deplibs_check_method='file_magic ELF [0-9][0-9]*-bit [LM]SB (shared object|dynamic lib )'
lt_cv_file_magic_cmd='$MAGIC_CMD'
lt_cv_file_magic_test_file='/lib/libc.so.6 /lib/libc-2.19.so'
lt_cv_global_symbol_to_c_name_address='sed -n -e '\''s/^: \([^ ]*\) $/  {\"\1\", (lt_ptr) 0},/p'\'' -e '\''s/^[BCDEGRST] \([^ ]*\) \([^ ]*\)$/  {"\2", (lt_ptr) \&\2},/p'\'''
lt_cv_global_symbol_to_cdecl='sed -n -e '\''s/^. .* \(.*\)$/extern char \1;/p'\'''
lt_cv_ld_reload_flag=-r
lt_cv_path_LD=/usr/x86_64-suse-linux/bin/ld
lt_cv_path_MAGIC_CMD=/usr/bin/file
lt_cv_path_NM='/usr/bin/nm -B'
lt_cv_prog_cc_can_build_shared=yes
lt_cv_prog_cc_no_builtin=
lt_cv_prog_cc_pic=' -fPIC'
lt_cv_prog_cc_pic_works=yes
lt_cv_prog_cc_shlib=
lt_cv_prog_cc_static=
lt_cv_prog_cc_static_works=no
lt_cv_prog_cc_wl=-Wl,
lt_cv_prog_gnu_ld=yes
lt_cv_sys_global_symbol_pipe='sed -n -e '\''s/^.*[ 	]\([ABCDGISTW][ABCDGISTW]*\)[ 	][ 	]*\(\)\([_A-Za-z][_A-Za-z0-9]*\)$/\1 \2\3 \3/p'\'''
lt_cv_sys_path_separator=:

## ------------ ##
## confdefs.h.  ##
## ------------ ##

#define PACKAGE "fcgi"
#define VERSION "2.4.0"
#define HAVE_DLFCN_H 1
#ifdef __cplusplus
#include <stdlib.h>
#endif
#define HAVE_STREAMBUF_CHAR_TYPE 1
#define HAVE_LIBNSL 1
#define STDC_HEADERS 1
#define HAVE_SYS_TYPES_H 1
#define HAVE_SYS_STAT_H 1
#define HAVE_STDLIB_H 1
#define HAVE_STRING_H 1
#define HAVE_MEMORY_H 1
#define HAVE_STRINGS_H 1
#define HAVE_INTTYPES_H 1
#define HAVE_STDINT_H 1
#define HAVE_UNISTD_H 1
#define HAVE_FPOS 1
#define HAVE_SYS_SOCKET_H 1
#define HAVE_NETDB_H 1
#define HAVE_NETINET_IN_H 1
#define HAVE_ARPA_INET_H 1
#define HAVE_SYS_TIME_H 1
#define HAVE_LIMITS_H 1
#define HAVE_SYS_PARAM_H 1
#define HAVE_UNISTD_H 1
#define HAVE_FILENO_PROTO 1
#define HAVE_STRERROR 1


configure: exit 0

## ----------------------- ##
## Running config.status.  ##
## ----------------------- ##

This file was extended by config.status 2.52, executed with
  CONFIG_FILES    = Makefile
  CONFIG_HEADERS  = 
  CONFIG_LINKS    = 
  CONFIG_COMMANDS = 
  > ./config.status 
on linux-vc98

config.status:9083: creating Makefile

## ----------------------- ##
## Running config.status.  ##
## ----------------------- ##

This file was extended by config.status 2.52, executed with
  CONFIG_FILES    = include/Makefile
  CONFIG_HEADERS  = 
  CONFIG_LINKS    = 
  CONFIG_COMMANDS = 
  > ./config.status 
on linux-vc98

config.status:9083: creating include/Makefile

## ----------------------- ##
## Running config.status.  ##
## ----------------------- ##

This file was extended by config.status 2.52, executed with
  CONFIG_FILES    = examples/Makefile
  CONFIG_HEADERS  = 
  CONFIG_LINKS    = 
  CONFIG_COMMANDS = 
  > ./config.status 
on linux-vc98

config.status:9083: creating examples/Makefile

## ----------------------- ##
## Running config.status.  ##
## ----------------------- ##

This file was extended by config.status 2.52, executed with
  CONFIG_FILES    = cgi-fcgi/Makefile
  CONFIG_HEADERS  = 
  CONFIG_LINKS    = 
  CONFIG_COMMANDS = 
  > ./config.status 
on linux-vc98

config.status:9083: creating cgi-fcgi/Makefile

## ----------------------- ##
## Running config.status.  ##
## ----------------------- ##

This file was extended by config.status 2.52, executed with
  CONFIG_FILES    = libfcgi/Makefile
  CONFIG_HEADERS  = 
  CONFIG_LINKS    = 
  CONFIG_COMMANDS = 
  > ./config.status 
on linux-vc98

config.status:9083: creating libfcgi/Makefile

## ----------------------- ##
## Running config.status.  ##
## ----------------------- ##

This file was extended by config.status 2.52, executed with
  CONFIG_FILES    = Makefile
  CONFIG_HEADERS  = 
  CONFIG_LINKS    = 
  CONFIG_COMMANDS = 
  > ./config.status 
on linux-vc98

config.status:9083: creating Makefile
